<?xml version="1.0" encoding="UTF-8"?>
<!-- Generated by org.testng.reporters.JUnitXMLReporter -->
<testsuite ignored="0" hostname="DESKTOP-000NTSF" failures="0" tests="4" name="Test" time="9.643" errors="0" timestamp="2024-10-28T12:38:03 IST">
  <testcase classname="genericutil.Base" name="@BeforeClass bcconfig" time="9.257">
    <failure type="org.openqa.selenium.NoSuchWindowException" message="no such window: target window already closed
from unknown error: web view not found
  (Session info: chrome=130.0.6723.70)
Build info: version: &amp;apos;4.24.0&amp;apos;, revision: &amp;apos;748ffc9bc3&amp;apos;
System info: os.name: &amp;apos;Windows 10&amp;apos;, os.arch: &amp;apos;amd64&amp;apos;, os.version: &amp;apos;10.0&amp;apos;, java.version: &amp;apos;17.0.7&amp;apos;
Driver info: org.openqa.selenium.chrome.ChromeDriver
Command: [aa16b1cc32e1c3f24deed5314ed1db73, get {url=http:/localhost:8888}]
Capabilities {acceptInsecureCerts: false, browserName: chrome, browserVersion: 130.0.6723.70, chrome: {chromedriverVersion: 130.0.6723.69 (3ec172b971b9..., userDataDir: C:\Users\nit66\AppData\Loca...}, fedcm:accounts: true, goog:chromeOptions: {debuggerAddress: localhost:53657}, networkConnectionEnabled: false, pageLoadStrategy: normal, platformName: windows, proxy: Proxy(), setWindowRect: true, strictFileInteractability: false, timeouts: {implicit: 0, pageLoad: 300000, script: 30000}, unhandledPromptBehavior: dismiss and notify, webauthn:extension:credBlob: true, webauthn:extension:largeBlob: true, webauthn:extension:minPinLength: true, webauthn:extension:prf: true, webauthn:virtualAuthenticators: true}
Session ID: aa16b1cc32e1c3f24deed5314ed1db73">
      <![CDATA[org.openqa.selenium.NoSuchWindowException: no such window: target window already closed
from unknown error: web view not found
  (Session info: chrome=130.0.6723.70)
Build info: version: '4.24.0', revision: '748ffc9bc3'
System info: os.name: 'Windows 10', os.arch: 'amd64', os.version: '10.0', java.version: '17.0.7'
Driver info: org.openqa.selenium.chrome.ChromeDriver
Command: [aa16b1cc32e1c3f24deed5314ed1db73, get {url=http:/localhost:8888}]
Capabilities {acceptInsecureCerts: false, browserName: chrome, browserVersion: 130.0.6723.70, chrome: {chromedriverVersion: 130.0.6723.69 (3ec172b971b9..., userDataDir: C:\Users\nit66\AppData\Loca...}, fedcm:accounts: true, goog:chromeOptions: {debuggerAddress: localhost:53657}, networkConnectionEnabled: false, pageLoadStrategy: normal, platformName: windows, proxy: Proxy(), setWindowRect: true, strictFileInteractability: false, timeouts: {implicit: 0, pageLoad: 300000, script: 30000}, unhandledPromptBehavior: dismiss and notify, webauthn:extension:credBlob: true, webauthn:extension:largeBlob: true, webauthn:extension:minPinLength: true, webauthn:extension:prf: true, webauthn:virtualAuthenticators: true}
Session ID: aa16b1cc32e1c3f24deed5314ed1db73
at org.openqa.selenium.remote.ErrorCodec.decode(ErrorCodec.java:167)
at org.openqa.selenium.remote.codec.w3c.W3CHttpResponseCodec.decode(W3CHttpResponseCodec.java:138)
at org.openqa.selenium.remote.codec.w3c.W3CHttpResponseCodec.decode(W3CHttpResponseCodec.java:50)
at org.openqa.selenium.remote.HttpCommandExecutor.execute(HttpCommandExecutor.java:190)
at org.openqa.selenium.remote.service.DriverCommandExecutor.invokeExecute(DriverCommandExecutor.java:216)
at org.openqa.selenium.remote.service.DriverCommandExecutor.execute(DriverCommandExecutor.java:174)
at org.openqa.selenium.remote.RemoteWebDriver.execute(RemoteWebDriver.java:545)
at org.openqa.selenium.remote.RemoteWebDriver.get(RemoteWebDriver.java:313)
at genericutil.Base.bcconfig(Base.java:44)
at java.base/java.util.ArrayList.forEach(ArrayList.java:1511)
... Removed 30 stack frames]]>
    </failure>
  </testcase> <!-- @BeforeClass bcconfig -->
  <testcase classname="genericutil.Base" name="@BeforeMethod bmconfig" time="-1.730099283231E9">
    <skipped/>
  </testcase> <!-- @BeforeMethod bmconfig -->
  <testcase classname="genericutil.Base" name="@AfterMethod amconfig" time="-1.730099283246E9">
    <skipped/>
  </testcase> <!-- @AfterMethod amconfig -->
  <testcase classname="genericutil.Base" name="@BeforeMethod bmconfig" time="-1.730099283327E9">
    <skipped/>
  </testcase> <!-- @BeforeMethod bmconfig -->
  <testcase classname="genericutil.Base" name="@AfterMethod amconfig" time="-1.730099283337E9">
    <skipped/>
  </testcase> <!-- @AfterMethod amconfig -->
  <testcase classname="genericutil.Base" name="@BeforeMethod bmconfig" time="-1.730099283341E9">
    <skipped/>
  </testcase> <!-- @BeforeMethod bmconfig -->
  <testcase classname="genericutil.Base" name="@AfterMethod amconfig" time="-1.730099283348E9">
    <skipped/>
  </testcase> <!-- @AfterMethod amconfig -->
  <testcase classname="genericutil.Base" name="@BeforeMethod bmconfig" time="-1.730099283354E9">
    <skipped/>
  </testcase> <!-- @BeforeMethod bmconfig -->
  <testcase classname="genericutil.Base" name="@AfterMethod amconfig" time="-1.730099283365E9">
    <skipped/>
  </testcase> <!-- @AfterMethod amconfig -->
  <testcase classname="genericutil.Base" name="@AfterClass acconfig" time="-1.730099283372E9">
    <skipped/>
  </testcase> <!-- @AfterClass acconfig -->
  <testcase classname="testclasses.CreateAnyOrgTest" name="TC1" time="0.0">
    <skipped/>
  </testcase> <!-- TC1 -->
  <testcase classname="testclasses.CreateAnyOrgTest" name="TC2" time="0.0">
    <skipped/>
  </testcase> <!-- TC2 -->
  <testcase classname="testclasses.CreateAnyOrgTest" name="TC3" time="0.0">
    <skipped/>
  </testcase> <!-- TC3 -->
  <testcase classname="testclasses.CreateAnyOrgTest" name="TC4" time="0.0">
    <skipped/>
  </testcase> <!-- TC4 -->
</testsuite> <!-- Test -->
